
>>>枚举所有文件

>>>忽略目录

>>>忽略目录

>>>所有[代码生成文件]列表
e:\study\CommDir\guojihua\Main.max.js

>>>所有[源文件]列表
e:\study\CommDir\guojihua\123\1234\GameOver123131.prefab
e:\study\CommDir\guojihua\123\GameOver123131.prefab
e:\study\CommDir\guojihua\GameOver.prefab
e:\study\CommDir\guojihua\i18n.json
e:\study\CommDir\guojihua\test.json
e:\study\CommDir\guojihua\WatchAdView.scene
e:\study\CommDir\guojihua\zzzz\GameOver123131.prefab

>>>遍历提取[代码生成文件]中的中文

>>>检查文件类型   Main.max.js  #json= False
e:\study\CommDir\guojihua\Main.max.js

			alert("加载JS失败");

			console.log("云端数据："+kvDatas[keyList[0]])

				console.log("上传成功"+saveData.bestScore)

				console.warn("登录成功")

				console.error("登陆失败，请刷新重试~")

				_$this.startView.login_tips.text="登陆失败,请确认网络再试~";

		this.startView.login_tips.text="登陆中...";

		com.bdLib.wxtool.WXUtil.showShare("任我脚下生风，也难过此路！快来帮我过","img/share.png",{invite_type:3,invite_uuid:WXService.selfData.uuid,score:this.gameScore},true);

						console.log("登录失败");

				console.log("登录成功");

				console.log("登录态过期重试");

				console.log("登录态过期重试");

				"tip1":"得分",

				"tip2":"请确认网络再试~",

				"tip3":"登录中",

				"最---分":"最2分",

				"tip5":"得分：",

				"tip6":"最高分："

			gameName:'快乐足球',

		console.log("初始化cmplay");

		console.log('czx 啊撒旦范德萨分'+this.text+'  '+dataID);


>>>遍历提取[源文件]中的中文

>>>检查文件类型   GameOver123131.prefab  #json= True
e:\study\CommDir\guojihua\123\1234\GameOver123131.prefab

##zh>> 复活后奖励X个道具继续挑战

>>>检查文件类型   GameOver123131.prefab  #json= True
e:\study\CommDir\guojihua\123\GameOver123131.prefab

##zh>> 复活后奖励X个道具继续挑战

>>>检查文件类型   GameOver.prefab  #json= True
e:\study\CommDir\guojihua\GameOver.prefab

##zh>> 复活后奖励X个道具继续挑战

>>>检查文件类型   i18n.json  #json= True
e:\study\CommDir\guojihua\i18n.json

##zh>> 加载JS失败
##zh>> 云端数据：
##zh>> 上传成功
##zh>> 登录成功
##zh>> 登陆失败，请刷新重试~
##zh>> 登陆失败,请确认网络再试~
##zh>> 登陆中...
##zh>> 任我脚下生风，也难过此路！快来帮我过
##zh>> 登录失败
##zh>> 登录成功
##zh>> 登录态过期重试
##zh>> 登录态过期重试
##zh>> 得分
##zh>> 请确认网络再试~
##zh>> 登录中
##zh>> 最---分
##zh>> 最2分
##zh>> 得分：
##zh>> 最高分：
##zh>> 快乐足球
##zh>> 初始化cmplay
##zh>> czx 啊撒旦范德萨分
##zh>> 黑体
##zh>> 得分
##zh>> 得分：
##zh>> 最高分：
##zh>> 复活后奖励
##zh>> 个道具继续挑战
##zh>> 复活后奖励
##zh>> 个道具继续挑战
##zh>> 复活后奖励
##zh>> 个道具继续挑战
##zh>> 加载
##zh>> 失败
##zh>> 云端数据
##zh>> 上传成功
##zh>> 登录成功
##zh>> 登陆失败
##zh>> 请刷新重试
##zh>> 登陆失败
##zh>> 请确认网络再试
##zh>> 登陆中
##zh>> 任我脚下生风
##zh>> 也难过此路
##zh>> 快来帮我过
##zh>> 登录失败
##zh>> 登录成功
##zh>> 登录态过期重试
##zh>> 登录态过期重试
##zh>> 得分
##zh>> 请确认网络再试
##zh>> 登录中
##zh>> 最
##zh>> 分
##zh>> 最
##zh>> 分
##zh>> 得分
##zh>> 最高分
##zh>> 快乐足球
##zh>> 初始化
##zh>> 啊撒旦范德萨分
##zh>> 黑体
##zh>> 得分
##zh>> 得分
##zh>> 最高分
##zh>> 复活后奖励
##zh>> 个道具继续挑战
##zh>> 复活后奖励
##zh>> 个道具继续挑战
##zh>> 复活后奖励
##zh>> 个道具继续挑战
##zh>> 加载
##zh>> 失败
##zh>> 云端数据
##zh>> 上传成功
##zh>> 登录成功
##zh>> 登陆失败
##zh>> 请刷新重试
##zh>> 登陆失败
##zh>> 请确认网络再试
##zh>> 登陆中
##zh>> 任我脚下生风
##zh>> 也难过此路
##zh>> 快来帮我过
##zh>> 登录失败
##zh>> 登录成功
##zh>> 登录态过期重试
##zh>> 登录态过期重试
##zh>> 得分
##zh>> 请确认网络再试
##zh>> 登录中
##zh>> 最
##zh>> 分
##zh>> 最
##zh>> 分
##zh>> 得分
##zh>> 最高分
##zh>> 快乐足球
##zh>> 初始化
##zh>> 啊撒旦范德萨分
##zh>> 黑体
##zh>> 得分
##zh>> 得分
##zh>> 最高分
##zh>> 复活后奖励
##zh>> 个道具继续挑战
##zh>> 复活后奖励
##zh>> 个道具继续挑战
##zh>> 复活后奖励
##zh>> 个道具继续挑战
##zh>> 加载
##zh>> 失败
##zh>> 云端数据
##zh>> 上传成功
##zh>> 登录成功
##zh>> 登陆失败
##zh>> 请刷新重试
##zh>> 登陆失败
##zh>> 请确认网络再试
##zh>> 登陆中
##zh>> 任我脚下生风
##zh>> 也难过此路
##zh>> 快来帮我过
##zh>> 登录失败
##zh>> 登录成功
##zh>> 登录态过期重试
##zh>> 登录态过期重试
##zh>> 得分
##zh>> 请确认网络再试
##zh>> 登录中
##zh>> 最
##zh>> 分
##zh>> 最
##zh>> 分
##zh>> 得分
##zh>> 最高分
##zh>> 快乐足球
##zh>> 初始化
##zh>> 啊撒旦范德萨分
##zh>> 黑体
##zh>> 得分
##zh>> 得分
##zh>> 最高分
##zh>> 复活后奖励
##zh>> 个道具继续挑战
##zh>> 复活后奖励
##zh>> 个道具继续挑战
##zh>> 复活后奖励
##zh>> 个道具继续挑战
##zh>> 加载
##zh>> 失败
##zh>> 云端数据
##zh>> 上传成功
##zh>> 登录成功
##zh>> 登陆失败
##zh>> 请刷新重试
##zh>> 登陆失败
##zh>> 请确认网络再试
##zh>> 登陆中
##zh>> 任我脚下生风
##zh>> 也难过此路
##zh>> 快来帮我过
##zh>> 登录失败
##zh>> 登录成功
##zh>> 登录态过期重试
##zh>> 登录态过期重试
##zh>> 得分
##zh>> 请确认网络再试
##zh>> 登录中
##zh>> 最
##zh>> 分
##zh>> 最
##zh>> 分
##zh>> 得分
##zh>> 最高分
##zh>> 快乐足球
##zh>> 初始化
##zh>> 啊撒旦范德萨分
##zh>> 黑体
##zh>> 得分
##zh>> 得分
##zh>> 最高分
##zh>> 复活后奖励
##zh>> 个道具继续挑战
##zh>> 复活后奖励
##zh>> 个道具继续挑战
##zh>> 复活后奖励
##zh>> 个道具继续挑战
##zh>> 加载
##zh>> 失败
##zh>> 云端数据
##zh>> 上传成功
##zh>> 登录成功
##zh>> 登陆失败
##zh>> 请刷新重试
##zh>> 登陆失败
##zh>> 请确认网络再试
##zh>> 登陆中
##zh>> 任我脚下生风
##zh>> 也难过此路
##zh>> 快来帮我过
##zh>> 登录失败
##zh>> 登录成功
##zh>> 登录态过期重试
##zh>> 登录态过期重试
##zh>> 得分
##zh>> 请确认网络再试
##zh>> 登录中
##zh>> 最
##zh>> 分
##zh>> 最
##zh>> 分
##zh>> 得分
##zh>> 最高分
##zh>> 快乐足球
##zh>> 初始化
##zh>> 啊撒旦范德萨分
##zh>> 黑体
##zh>> 得分
##zh>> 得分
##zh>> 最高分
##zh>> 复活后奖励
##zh>> 个道具继续挑战
##zh>> 复活后奖励
##zh>> 个道具继续挑战
##zh>> 复活后奖励
##zh>> 个道具继续挑战
##zh>> 加载
##zh>> 失败
##zh>> 云端数据
##zh>> 上传成功
##zh>> 登录成功
##zh>> 登陆失败
##zh>> 请刷新重试
##zh>> 登陆失败
##zh>> 请确认网络再试
##zh>> 登陆中
##zh>> 任我脚下生风
##zh>> 也难过此路
##zh>> 快来帮我过
##zh>> 登录失败
##zh>> 登录成功
##zh>> 登录态过期重试
##zh>> 登录态过期重试
##zh>> 得分
##zh>> 请确认网络再试
##zh>> 登录中
##zh>> 最
##zh>> 分
##zh>> 最
##zh>> 分
##zh>> 得分
##zh>> 最高分
##zh>> 快乐足球
##zh>> 初始化
##zh>> 啊撒旦范德萨分
##zh>> 黑体
##zh>> 得分
##zh>> 得分
##zh>> 最高分
##zh>> 复活后奖励
##zh>> 个道具继续挑战
##zh>> 复活后奖励
##zh>> 个道具继续挑战
##zh>> 复活后奖励
##zh>> 个道具继续挑战
##zh>> 加载
##zh>> 失败
##zh>> 云端数据
##zh>> 上传成功
##zh>> 登录成功
##zh>> 登陆失败
##zh>> 请刷新重试
##zh>> 登陆失败
##zh>> 请确认网络再试
##zh>> 登陆中
##zh>> 任我脚下生风
##zh>> 也难过此路
##zh>> 快来帮我过
##zh>> 登录失败
##zh>> 登录成功
##zh>> 登录态过期重试
##zh>> 登录态过期重试
##zh>> 得分
##zh>> 请确认网络再试
##zh>> 登录中
##zh>> 最
##zh>> 分
##zh>> 最
##zh>> 分
##zh>> 得分
##zh>> 最高分
##zh>> 快乐足球
##zh>> 初始化
##zh>> 啊撒旦范德萨分
##zh>> 黑体
##zh>> 得分
##zh>> 得分
##zh>> 最高分
##zh>> 复活后奖励
##zh>> 个道具继续挑战
##zh>> 复活后奖励
##zh>> 个道具继续挑战
##zh>> 复活后奖励
##zh>> 个道具继续挑战
##zh>> 补充体力
##zh>> 观看广告即可获得
##zh>> 立即获得
##zh>> 免广告获得
##zh>> 立即获得
##zh>> 复活后奖励
##zh>> 个道具继续挑战
##zh>> 补充体力
##zh>> 观看广告即可获得
##zh>> 立即获得
##zh>> 免广告获得
##zh>> 立即获得
##zh>> 复活后奖励
##zh>> 个道具继续挑战
##zh>> 补充体力
##zh>> 观看广告即可获得
##zh>> 立即获得
##zh>> 免广告获得
##zh>> 立即获得
##zh>> 复活后奖励
##zh>> 个道具继续挑战
##zh>> 补充体力
##zh>> 观看广告即可获得
##zh>> 立即获得
##zh>> 免广告获得
##zh>> 立即获得
##zh>> 复活后奖励
##zh>> 个道具继续挑战
##zh>> 补充体力
##zh>> 观看广告即可获得
##zh>> 立即获得
##zh>> 免广告获得
##zh>> 立即获得
##zh>> 复活后奖励
##zh>> 个道具继续挑战
##zh>> 补充体力
##zh>> 观看广告即可获得
##zh>> 立即获得
##zh>> 免广告获得
##zh>> 立即获得
##zh>> 复活后奖励
##zh>> 个道具继续挑战
##zh>> 补充体力
##zh>> 观看广告即可获得
##zh>> 立即获得
##zh>> 免广告获得
##zh>> 立即获得
##zh>> 复活后奖励
##zh>> 个道具继续挑战
##zh>> 补充体力
##zh>> 观看广告即可获得
##zh>> 立即获得
##zh>> 免广告获得
##zh>> 立即获得
##zh>> 复活后奖励
##zh>> 个道具继续挑战

>>>检查文件类型   test.json  #json= True
e:\study\CommDir\guojihua\test.json


>>>检查文件类型   WatchAdView.scene  #json= True
e:\study\CommDir\guojihua\WatchAdView.scene

##zh>> 补充体力
##zh>> 观看广告即可获得
##zh>> 立即获得
##zh>> 免广告获得
##zh>> 立即获得

>>>检查文件类型   GameOver123131.prefab  #json= True
e:\study\CommDir\guojihua\zzzz\GameOver123131.prefab

##zh>> 复活后奖励X个道具继续挑战

>>>所有中文
加载JS失败
云端数据：
上传成功
登录成功
登陆失败，请刷新重试~
登陆失败,请确认网络再试~
登陆中...
任我脚下生风，也难过此路！快来帮我过
登录失败
登录成功
登录态过期重试
登录态过期重试
得分
请确认网络再试~
登录中
最---分
最2分
得分：
最高分：
快乐足球
初始化cmplay
czx 啊撒旦范德萨分
黑体
得分
得分：
最高分：
复活后奖励
个道具继续挑战
复活后奖励
个道具继续挑战
复活后奖励
个道具继续挑战
加载
失败
云端数据
上传成功
登录成功
登陆失败
请刷新重试
登陆失败
请确认网络再试
登陆中
任我脚下生风
也难过此路
快来帮我过
登录失败
登录成功
登录态过期重试
登录态过期重试
得分
请确认网络再试
登录中
最
分
最
分
得分
最高分
快乐足球
初始化
啊撒旦范德萨分
黑体
得分
得分
最高分
复活后奖励
个道具继续挑战
复活后奖励
个道具继续挑战
复活后奖励
个道具继续挑战
加载
失败
云端数据
上传成功
登录成功
登陆失败
请刷新重试
登陆失败
请确认网络再试
登陆中
任我脚下生风
也难过此路
快来帮我过
登录失败
登录成功
登录态过期重试
登录态过期重试
得分
请确认网络再试
登录中
最
分
最
分
得分
最高分
快乐足球
初始化
啊撒旦范德萨分
黑体
得分
得分
最高分
复活后奖励
个道具继续挑战
复活后奖励
个道具继续挑战
复活后奖励
个道具继续挑战
加载
失败
云端数据
上传成功
登录成功
登陆失败
请刷新重试
登陆失败
请确认网络再试
登陆中
任我脚下生风
也难过此路
快来帮我过
登录失败
登录成功
登录态过期重试
登录态过期重试
得分
请确认网络再试
登录中
最
分
最
分
得分
最高分
快乐足球
初始化
啊撒旦范德萨分
黑体
得分
得分
最高分
复活后奖励
个道具继续挑战
复活后奖励
个道具继续挑战
复活后奖励
个道具继续挑战
加载
失败
云端数据
上传成功
登录成功
登陆失败
请刷新重试
登陆失败
请确认网络再试
登陆中
任我脚下生风
也难过此路
快来帮我过
登录失败
登录成功
登录态过期重试
登录态过期重试
得分
请确认网络再试
登录中
最
分
最
分
得分
最高分
快乐足球
初始化
啊撒旦范德萨分
黑体
得分
得分
最高分
复活后奖励
个道具继续挑战
复活后奖励
个道具继续挑战
复活后奖励
个道具继续挑战
加载
失败
云端数据
上传成功
登录成功
登陆失败
请刷新重试
登陆失败
请确认网络再试
登陆中
任我脚下生风
也难过此路
快来帮我过
登录失败
登录成功
登录态过期重试
登录态过期重试
得分
请确认网络再试
登录中
最
分
最
分
得分
最高分
快乐足球
初始化
啊撒旦范德萨分
黑体
得分
得分
最高分
复活后奖励
个道具继续挑战
复活后奖励
个道具继续挑战
复活后奖励
个道具继续挑战
加载
失败
云端数据
上传成功
登录成功
登陆失败
请刷新重试
登陆失败
请确认网络再试
登陆中
任我脚下生风
也难过此路
快来帮我过
登录失败
登录成功
登录态过期重试
登录态过期重试
得分
请确认网络再试
登录中
最
分
最
分
得分
最高分
快乐足球
初始化
啊撒旦范德萨分
黑体
得分
得分
最高分
复活后奖励
个道具继续挑战
复活后奖励
个道具继续挑战
复活后奖励
个道具继续挑战
加载
失败
云端数据
上传成功
登录成功
登陆失败
请刷新重试
登陆失败
请确认网络再试
登陆中
任我脚下生风
也难过此路
快来帮我过
登录失败
登录成功
登录态过期重试
登录态过期重试
得分
请确认网络再试
登录中
最
分
最
分
得分
最高分
快乐足球
初始化
啊撒旦范德萨分
黑体
得分
得分
最高分
复活后奖励
个道具继续挑战
复活后奖励
个道具继续挑战
复活后奖励
个道具继续挑战
加载
失败
云端数据
上传成功
登录成功
登陆失败
请刷新重试
登陆失败
请确认网络再试
登陆中
任我脚下生风
也难过此路
快来帮我过
登录失败
登录成功
登录态过期重试
登录态过期重试
得分
请确认网络再试
登录中
最
分
最
分
得分
最高分
快乐足球
初始化
啊撒旦范德萨分
黑体
得分
得分
最高分
复活后奖励
个道具继续挑战
复活后奖励
个道具继续挑战
复活后奖励
个道具继续挑战
补充体力
观看广告即可获得
立即获得
免广告获得
立即获得
复活后奖励
个道具继续挑战
补充体力
观看广告即可获得
立即获得
免广告获得
立即获得
复活后奖励
个道具继续挑战
补充体力
观看广告即可获得
立即获得
免广告获得
立即获得
复活后奖励
个道具继续挑战
补充体力
观看广告即可获得
立即获得
免广告获得
立即获得
复活后奖励
个道具继续挑战
补充体力
观看广告即可获得
立即获得
免广告获得
立即获得
复活后奖励
个道具继续挑战
补充体力
观看广告即可获得
立即获得
免广告获得
立即获得
复活后奖励
个道具继续挑战
补充体力
观看广告即可获得
立即获得
免广告获得
立即获得
复活后奖励
个道具继续挑战
补充体力
观看广告即可获得
立即获得
免广告获得
立即获得
复活后奖励
个道具继续挑战
补充体力
观看广告即可获得
立即获得
免广告获得
立即获得
复活后奖励
个道具继续挑战

>>>所有包含中文的注释
//默"认00场景"
